TpTrace Verbose: 0 : 3528, 1, 2022/06/14, 21:08:18.495, 193899360117, vstest.console.dll, Version: 16.11.0
TpTrace Information: 0 : 3528, 1, 2022/06/14, 21:08:18.507, 193899477245, vstest.console.dll, FilePatternParser: The given file C:\Users\hugo.braga\source\repos\gitHugo\meta.UnitTest\bin\Debug\net5.0\fine-code-coverage\build-output\meta.UnitTest.dll is a full path.
TpTrace Verbose: 0 : 3528, 1, 2022/06/14, 21:08:18.516, 193899562521, vstest.console.dll, TestPluginCache.DiscoverTestExtensions: finding test extensions in assemblies ends with: RuntimeProvider.dll TPluginInfo: Microsoft.VisualStudio.TestPlatform.Common.ExtensionFramework.Utilities.TestRuntimePluginInformation TExtension: Microsoft.VisualStudio.TestPlatform.ObjectModel.Host.ITestRuntimeProvider
TpTrace Verbose: 0 : 3528, 1, 2022/06/14, 21:08:18.520, 193899599074, vstest.console.dll, TestPluginCache.GetExtensionPaths: Filtered extension paths: 
TpTrace Verbose: 0 : 3528, 1, 2022/06/14, 21:08:18.520, 193899601404, vstest.console.dll, TestPluginCache.GetExtensionPaths: Added default extension paths: C:\Program Files\dotnet\sdk\5.0.408\Extensions\Microsoft.Diagnostics.NETCore.Client.dll
C:\Program Files\dotnet\sdk\5.0.408\Extensions\Microsoft.TestPlatform.Extensions.BlameDataCollector.dll
C:\Program Files\dotnet\sdk\5.0.408\Extensions\Microsoft.TestPlatform.Extensions.EventLogCollector.dll
C:\Program Files\dotnet\sdk\5.0.408\Extensions\Microsoft.TestPlatform.TestHostRuntimeProvider.dll
C:\Program Files\dotnet\sdk\5.0.408\Extensions\Microsoft.VisualStudio.TestPlatform.Extensions.Html.TestLogger.dll
C:\Program Files\dotnet\sdk\5.0.408\Extensions\Microsoft.VisualStudio.TestPlatform.Extensions.Trx.TestLogger.dll
TpTrace Verbose: 0 : 3528, 1, 2022/06/14, 21:08:18.520, 193899602321, vstest.console.dll, TestPluginCache.GetExtensionPaths: Added unfilterableExtensionPaths: 
TpTrace Information: 0 : 3528, 1, 2022/06/14, 21:08:18.521, 193899612729, vstest.console.dll, AssemblyResolver.ctor: Creating AssemblyResolver with searchDirectories C:\Program Files\dotnet\sdk\5.0.408\Extensions,C:\Program Files\dotnet\sdk\5.0.408
TpTrace Verbose: 0 : 3528, 1, 2022/06/14, 21:08:18.525, 193899655609, vstest.console.dll, TestPluginCache.DiscoverTestExtensions: Discovering the extensions using extension path.
TpTrace Verbose: 0 : 3528, 1, 2022/06/14, 21:08:18.525, 193899657844, vstest.console.dll, TestPluginCache.GetExtensionPaths: Filtered extension paths: 
TpTrace Verbose: 0 : 3528, 1, 2022/06/14, 21:08:18.526, 193899658477, vstest.console.dll, TestPluginCache.GetExtensionPaths: Added default extension paths: C:\Program Files\dotnet\sdk\5.0.408\Extensions\Microsoft.Diagnostics.NETCore.Client.dll
C:\Program Files\dotnet\sdk\5.0.408\Extensions\Microsoft.TestPlatform.Extensions.BlameDataCollector.dll
C:\Program Files\dotnet\sdk\5.0.408\Extensions\Microsoft.TestPlatform.Extensions.EventLogCollector.dll
C:\Program Files\dotnet\sdk\5.0.408\Extensions\Microsoft.TestPlatform.TestHostRuntimeProvider.dll
C:\Program Files\dotnet\sdk\5.0.408\Extensions\Microsoft.VisualStudio.TestPlatform.Extensions.Html.TestLogger.dll
C:\Program Files\dotnet\sdk\5.0.408\Extensions\Microsoft.VisualStudio.TestPlatform.Extensions.Trx.TestLogger.dll
TpTrace Verbose: 0 : 3528, 1, 2022/06/14, 21:08:18.526, 193899658832, vstest.console.dll, TestPluginCache.GetExtensionPaths: Added unfilterableExtensionPaths: 
TpTrace Verbose: 0 : 3528, 1, 2022/06/14, 21:08:18.526, 193899659718, vstest.console.dll, TestPluginCache.DiscoverTestExtensions: Discovering the extensions using allExtensionPaths: C:\Program Files\dotnet\sdk\5.0.408\Extensions\Microsoft.Diagnostics.NETCore.Client.dll
C:\Program Files\dotnet\sdk\5.0.408\Extensions\Microsoft.TestPlatform.Extensions.BlameDataCollector.dll
C:\Program Files\dotnet\sdk\5.0.408\Extensions\Microsoft.TestPlatform.Extensions.EventLogCollector.dll
C:\Program Files\dotnet\sdk\5.0.408\Extensions\Microsoft.TestPlatform.TestHostRuntimeProvider.dll
C:\Program Files\dotnet\sdk\5.0.408\Extensions\Microsoft.VisualStudio.TestPlatform.Extensions.Html.TestLogger.dll
C:\Program Files\dotnet\sdk\5.0.408\Extensions\Microsoft.VisualStudio.TestPlatform.Extensions.Trx.TestLogger.dll
TpTrace Information: 0 : 3528, 1, 2022/06/14, 21:08:18.526, 193899661866, vstest.console.dll, AssemblyResolver.AddSearchDirectories: Adding more searchDirectories C:\Program Files\dotnet\sdk\5.0.408\Extensions,C:\Program Files\dotnet\sdk\5.0.408
TpTrace Information: 0 : 3528, 1, 2022/06/14, 21:08:18.526, 193899663044, vstest.console.dll, AssemblyResolver.AddSearchDirectories: Adding more searchDirectories C:\Program Files\dotnet\sdk\5.0.408\Extensions,C:\Program Files\dotnet\sdk\5.0.408
TpTrace Information: 0 : 3528, 1, 2022/06/14, 21:08:18.526, 193899663504, vstest.console.dll, AssemblyResolver.AddSearchDirectories: Adding more searchDirectories C:\Program Files\dotnet\sdk\5.0.408\Extensions,C:\Program Files\dotnet\sdk\5.0.408
TpTrace Information: 0 : 3528, 1, 2022/06/14, 21:08:18.526, 193899663825, vstest.console.dll, AssemblyResolver.AddSearchDirectories: Adding more searchDirectories C:\Program Files\dotnet\sdk\5.0.408\Extensions,C:\Program Files\dotnet\sdk\5.0.408
TpTrace Information: 0 : 3528, 1, 2022/06/14, 21:08:18.526, 193899664134, vstest.console.dll, AssemblyResolver.AddSearchDirectories: Adding more searchDirectories C:\Program Files\dotnet\sdk\5.0.408\Extensions,C:\Program Files\dotnet\sdk\5.0.408
TpTrace Information: 0 : 3528, 1, 2022/06/14, 21:08:18.526, 193899664488, vstest.console.dll, AssemblyResolver.AddSearchDirectories: Adding more searchDirectories C:\Program Files\dotnet\sdk\5.0.408\Extensions,C:\Program Files\dotnet\sdk\5.0.408
TpTrace Information: 0 : 3528, 1, 2022/06/14, 21:08:18.526, 193899668185, vstest.console.dll, AssemblyResolver.OnResolve: Microsoft.Diagnostics.NETCore.Client: Resolving assembly.
TpTrace Information: 0 : 3528, 1, 2022/06/14, 21:08:18.527, 193899668870, vstest.console.dll, AssemblyResolver.OnResolve: Microsoft.Diagnostics.NETCore.Client: Searching in: 'C:\Program Files\dotnet\sdk\5.0.408\Extensions'.
TpTrace Information: 0 : 3528, 1, 2022/06/14, 21:08:18.527, 193899673499, vstest.console.dll, AssemblyResolver.OnResolve: Microsoft.Diagnostics.NETCore.Client: Loading assembly 'C:\Program Files\dotnet\sdk\5.0.408\Extensions\Microsoft.Diagnostics.NETCore.Client.dll'.
TpTrace Information: 0 : 3528, 1, 2022/06/14, 21:08:18.528, 193899681481, vstest.console.dll, AssemblyResolver.OnResolve: Resolved assembly: Microsoft.Diagnostics.NETCore.Client, from path: C:\Program Files\dotnet\sdk\5.0.408\Extensions\Microsoft.Diagnostics.NETCore.Client.dll
TpTrace Information: 0 : 3528, 1, 2022/06/14, 21:08:18.531, 193899714964, vstest.console.dll, AssemblyResolver.OnResolve: Microsoft.Bcl.AsyncInterfaces: Resolving assembly.
TpTrace Information: 0 : 3528, 1, 2022/06/14, 21:08:18.531, 193899717722, vstest.console.dll, AssemblyResolver.OnResolve: Microsoft.Bcl.AsyncInterfaces: Searching in: 'C:\Program Files\dotnet\sdk\5.0.408\Extensions'.
TpTrace Information: 0 : 3528, 1, 2022/06/14, 21:08:18.532, 193899720725, vstest.console.dll, AssemblyResolver.OnResolve: Microsoft.Bcl.AsyncInterfaces: Assembly path does not exist: 'C:\Program Files\dotnet\sdk\5.0.408\Extensions\Microsoft.Bcl.AsyncInterfaces.dll', returning.
TpTrace Information: 0 : 3528, 1, 2022/06/14, 21:08:18.532, 193899722015, vstest.console.dll, AssemblyResolver.OnResolve: Microsoft.Bcl.AsyncInterfaces: Assembly path does not exist: 'C:\Program Files\dotnet\sdk\5.0.408\Extensions\Microsoft.Bcl.AsyncInterfaces.exe', returning.
TpTrace Information: 0 : 3528, 1, 2022/06/14, 21:08:18.532, 193899722677, vstest.console.dll, AssemblyResolver.OnResolve: Microsoft.Bcl.AsyncInterfaces: Searching in: 'C:\Program Files\dotnet\sdk\5.0.408'.
TpTrace Information: 0 : 3528, 1, 2022/06/14, 21:08:18.532, 193899723994, vstest.console.dll, AssemblyResolver.OnResolve: Microsoft.Bcl.AsyncInterfaces: Assembly path does not exist: 'C:\Program Files\dotnet\sdk\5.0.408\Microsoft.Bcl.AsyncInterfaces.dll', returning.
TpTrace Information: 0 : 3528, 1, 2022/06/14, 21:08:18.532, 193899725121, vstest.console.dll, AssemblyResolver.OnResolve: Microsoft.Bcl.AsyncInterfaces: Assembly path does not exist: 'C:\Program Files\dotnet\sdk\5.0.408\Microsoft.Bcl.AsyncInterfaces.exe', returning.
TpTrace Information: 0 : 3528, 1, 2022/06/14, 21:08:18.532, 193899726368, vstest.console.dll, AssemblyResolver.OnResolve: Microsoft.Bcl.AsyncInterfaces: Failed to load assembly.
TpTrace Verbose: 0 : 3528, 1, 2022/06/14, 21:08:18.532, 193899727189, vstest.console.dll, CurrentDomainAssemblyResolve: Resolving assembly 'Microsoft.Bcl.AsyncInterfaces'.
TpTrace Information: 0 : 3528, 1, 2022/06/14, 21:08:18.533, 193899728734, vstest.console.dll, AssemblyResolver.OnResolve: Microsoft.Bcl.AsyncInterfaces: Resolving assembly.
TpTrace Information: 0 : 3528, 1, 2022/06/14, 21:08:18.533, 193899729576, vstest.console.dll, AssemblyResolver.OnResolve: Microsoft.Bcl.AsyncInterfaces: Resolved from cache.
TpTrace Verbose: 0 : 3528, 1, 2022/06/14, 21:08:18.533, 193899730193, vstest.console.dll, CurrentDomainAssemblyResolve: Resolving assembly 'Microsoft.Bcl.AsyncInterfaces'.
TpTrace Verbose: 0 : 3528, 1, 2022/06/14, 21:08:18.533, 193899730830, vstest.console.dll, CurrentDomainAssemblyResolve: Failed to resolve assembly 'Microsoft.Bcl.AsyncInterfaces'.
TpTrace Verbose: 0 : 3528, 1, 2022/06/14, 21:08:18.534, 193899741751, vstest.console.dll, CurrentDomainAssemblyResolve: Failed to resolve assembly 'Microsoft.Bcl.AsyncInterfaces'.
TpTrace Warning: 0 : 3528, 1, 2022/06/14, 21:08:18.562, 193900020075, vstest.console.dll, TestPluginDiscoverer: Failed to get types from assembly 'Microsoft.Diagnostics.NETCore.Client, Version=0.2.2.41902, Culture=neutral, PublicKeyToken=31bf3856ad364e35'.  Skipping test extension scan for this assembly.  Error: System.Reflection.ReflectionTypeLoadException: Unable to load one or more of the requested types.
Could not load file or assembly 'Microsoft.Bcl.AsyncInterfaces, Version=1.0.0.0, Culture=neutral, PublicKeyToken=cc7b13ffcd2ddd51'. O sistema não pode encontrar o arquivo especificado.
   at System.Reflection.RuntimeModule.GetTypes(RuntimeModule module)
   at System.Reflection.RuntimeModule.GetTypes()
   at System.Reflection.Assembly.GetTypes()
   at Microsoft.VisualStudio.TestPlatform.Common.ExtensionFramework.TestPluginDiscoverer.GetTestExtensionsFromAssembly[TPluginInfo,TExtension](Assembly assembly, Dictionary`2 pluginInfos)
System.IO.FileNotFoundException: Could not load file or assembly 'Microsoft.Bcl.AsyncInterfaces, Version=1.0.0.0, Culture=neutral, PublicKeyToken=cc7b13ffcd2ddd51'. O sistema não pode encontrar o arquivo especificado.
File name: 'Microsoft.Bcl.AsyncInterfaces, Version=1.0.0.0, Culture=neutral, PublicKeyToken=cc7b13ffcd2ddd51'
TpTrace Warning: 0 : 3528, 1, 2022/06/14, 21:08:18.562, 193900024552, vstest.console.dll, LoaderExceptions: System.IO.FileNotFoundException: Could not load file or assembly 'Microsoft.Bcl.AsyncInterfaces, Version=1.0.0.0, Culture=neutral, PublicKeyToken=cc7b13ffcd2ddd51'. O sistema não pode encontrar o arquivo especificado.
File name: 'Microsoft.Bcl.AsyncInterfaces, Version=1.0.0.0, Culture=neutral, PublicKeyToken=cc7b13ffcd2ddd51'
TpTrace Information: 0 : 3528, 1, 2022/06/14, 21:08:18.562, 193900027353, vstest.console.dll, AssemblyResolver.OnResolve: Microsoft.TestPlatform.Extensions.BlameDataCollector: Resolving assembly.
TpTrace Information: 0 : 3528, 1, 2022/06/14, 21:08:18.563, 193900028603, vstest.console.dll, AssemblyResolver.OnResolve: Microsoft.TestPlatform.Extensions.BlameDataCollector: Searching in: 'C:\Program Files\dotnet\sdk\5.0.408\Extensions'.
TpTrace Information: 0 : 3528, 1, 2022/06/14, 21:08:18.563, 193900034316, vstest.console.dll, AssemblyResolver.OnResolve: Microsoft.TestPlatform.Extensions.BlameDataCollector: Loading assembly 'C:\Program Files\dotnet\sdk\5.0.408\Extensions\Microsoft.TestPlatform.Extensions.BlameDataCollector.dll'.
TpTrace Information: 0 : 3528, 1, 2022/06/14, 21:08:18.564, 193900045028, vstest.console.dll, AssemblyResolver.OnResolve: Resolved assembly: Microsoft.TestPlatform.Extensions.BlameDataCollector, from path: C:\Program Files\dotnet\sdk\5.0.408\Extensions\Microsoft.TestPlatform.Extensions.BlameDataCollector.dll
TpTrace Information: 0 : 3528, 1, 2022/06/14, 21:08:18.565, 193900053945, vstest.console.dll, AssemblyResolver.OnResolve: Microsoft.TestPlatform.Extensions.EventLogCollector: Resolving assembly.
TpTrace Information: 0 : 3528, 1, 2022/06/14, 21:08:18.565, 193900054862, vstest.console.dll, AssemblyResolver.OnResolve: Microsoft.TestPlatform.Extensions.EventLogCollector: Searching in: 'C:\Program Files\dotnet\sdk\5.0.408\Extensions'.
TpTrace Information: 0 : 3528, 1, 2022/06/14, 21:08:18.566, 193900058725, vstest.console.dll, AssemblyResolver.OnResolve: Microsoft.TestPlatform.Extensions.EventLogCollector: Loading assembly 'C:\Program Files\dotnet\sdk\5.0.408\Extensions\Microsoft.TestPlatform.Extensions.EventLogCollector.dll'.
TpTrace Information: 0 : 3528, 1, 2022/06/14, 21:08:18.566, 193900064739, vstest.console.dll, AssemblyResolver.OnResolve: Resolved assembly: Microsoft.TestPlatform.Extensions.EventLogCollector, from path: C:\Program Files\dotnet\sdk\5.0.408\Extensions\Microsoft.TestPlatform.Extensions.EventLogCollector.dll
TpTrace Information: 0 : 3528, 1, 2022/06/14, 21:08:18.568, 193900087771, vstest.console.dll, AssemblyResolver.OnResolve: Microsoft.TestPlatform.TestHostRuntimeProvider: Resolving assembly.
TpTrace Information: 0 : 3528, 1, 2022/06/14, 21:08:18.569, 193900088793, vstest.console.dll, AssemblyResolver.OnResolve: Microsoft.TestPlatform.TestHostRuntimeProvider: Searching in: 'C:\Program Files\dotnet\sdk\5.0.408\Extensions'.
TpTrace Information: 0 : 3528, 1, 2022/06/14, 21:08:18.569, 193900092451, vstest.console.dll, AssemblyResolver.OnResolve: Microsoft.TestPlatform.TestHostRuntimeProvider: Loading assembly 'C:\Program Files\dotnet\sdk\5.0.408\Extensions\Microsoft.TestPlatform.TestHostRuntimeProvider.dll'.
TpTrace Information: 0 : 3528, 1, 2022/06/14, 21:08:18.570, 193900101811, vstest.console.dll, AssemblyResolver.OnResolve: Resolved assembly: Microsoft.TestPlatform.TestHostRuntimeProvider, from path: C:\Program Files\dotnet\sdk\5.0.408\Extensions\Microsoft.TestPlatform.TestHostRuntimeProvider.dll
TpTrace Information: 0 : 3528, 1, 2022/06/14, 21:08:18.573, 193900129544, vstest.console.dll, AssemblyResolver.OnResolve: Microsoft.VisualStudio.TestPlatform.Extensions.Html.TestLogger: Resolving assembly.
TpTrace Information: 0 : 3528, 1, 2022/06/14, 21:08:18.573, 193900134921, vstest.console.dll, AssemblyResolver.OnResolve: Microsoft.VisualStudio.TestPlatform.Extensions.Html.TestLogger: Searching in: 'C:\Program Files\dotnet\sdk\5.0.408\Extensions'.
TpTrace Information: 0 : 3528, 1, 2022/06/14, 21:08:18.575, 193900156032, vstest.console.dll, AssemblyResolver.OnResolve: Microsoft.VisualStudio.TestPlatform.Extensions.Html.TestLogger: Loading assembly 'C:\Program Files\dotnet\sdk\5.0.408\Extensions\Microsoft.VisualStudio.TestPlatform.Extensions.Html.TestLogger.dll'.
TpTrace Information: 0 : 3528, 1, 2022/06/14, 21:08:18.576, 193900166544, vstest.console.dll, AssemblyResolver.OnResolve: Resolved assembly: Microsoft.VisualStudio.TestPlatform.Extensions.Html.TestLogger, from path: C:\Program Files\dotnet\sdk\5.0.408\Extensions\Microsoft.VisualStudio.TestPlatform.Extensions.Html.TestLogger.dll
TpTrace Information: 0 : 3528, 1, 2022/06/14, 21:08:18.577, 193900176188, vstest.console.dll, AssemblyResolver.OnResolve: Microsoft.VisualStudio.TestPlatform.Extensions.Trx.TestLogger: Resolving assembly.
TpTrace Information: 0 : 3528, 1, 2022/06/14, 21:08:18.577, 193900177876, vstest.console.dll, AssemblyResolver.OnResolve: Microsoft.VisualStudio.TestPlatform.Extensions.Trx.TestLogger: Searching in: 'C:\Program Files\dotnet\sdk\5.0.408\Extensions'.
TpTrace Information: 0 : 3528, 1, 2022/06/14, 21:08:18.578, 193900183889, vstest.console.dll, AssemblyResolver.OnResolve: Microsoft.VisualStudio.TestPlatform.Extensions.Trx.TestLogger: Loading assembly 'C:\Program Files\dotnet\sdk\5.0.408\Extensions\Microsoft.VisualStudio.TestPlatform.Extensions.Trx.TestLogger.dll'.
TpTrace Information: 0 : 3528, 1, 2022/06/14, 21:08:18.579, 193900195807, vstest.console.dll, AssemblyResolver.OnResolve: Resolved assembly: Microsoft.VisualStudio.TestPlatform.Extensions.Trx.TestLogger, from path: C:\Program Files\dotnet\sdk\5.0.408\Extensions\Microsoft.VisualStudio.TestPlatform.Extensions.Trx.TestLogger.dll
TpTrace Verbose: 0 : 3528, 1, 2022/06/14, 21:08:18.580, 193900202414, vstest.console.dll, TestPluginCache: Discovered the extensions using extension path ''.
TpTrace Verbose: 0 : 3528, 1, 2022/06/14, 21:08:18.580, 193900203514, vstest.console.dll, TestPluginCache: Discoverers are ''.
TpTrace Verbose: 0 : 3528, 1, 2022/06/14, 21:08:18.580, 193900203833, vstest.console.dll, TestPluginCache: Executors are ''.
TpTrace Verbose: 0 : 3528, 1, 2022/06/14, 21:08:18.580, 193900204163, vstest.console.dll, TestPluginCache: Executors2 are ''.
TpTrace Verbose: 0 : 3528, 1, 2022/06/14, 21:08:18.580, 193900204421, vstest.console.dll, TestPluginCache: Setting providers are ''.
TpTrace Verbose: 0 : 3528, 1, 2022/06/14, 21:08:18.580, 193900204674, vstest.console.dll, TestPluginCache: Loggers are ''.
TpTrace Information: 0 : 3528, 1, 2022/06/14, 21:08:18.586, 193900258495, vstest.console.dll, RunTestsArgumentProcessor:Execute: Test run is starting.
TpTrace Verbose: 0 : 3528, 1, 2022/06/14, 21:08:18.586, 193900260004, vstest.console.dll, RunTestsArgumentProcessor:Execute: Queuing Test run.
TpTrace Information: 0 : 3528, 1, 2022/06/14, 21:08:18.586, 193900263548, vstest.console.dll, TestRequestManager.RunTests: run tests started.
TpTrace Information: 0 : 3528, 1, 2022/06/14, 21:08:18.595, 193900354669, vstest.console.dll, AssemblyMetadataProvider.GetFrameWork: Determined framework:'.NETCoreApp,Version=v5.0' for source: 'C:\Users\hugo.braga\source\repos\gitHugo\meta.UnitTest\bin\Debug\net5.0\fine-code-coverage\build-output\meta.UnitTest.dll'
TpTrace Information: 0 : 3528, 1, 2022/06/14, 21:08:18.595, 193900356638, vstest.console.dll, Determined framework for all sources: .NETCoreApp,Version=v5.0
TpTrace Information: 0 : 3528, 1, 2022/06/14, 21:08:18.596, 193900360911, vstest.console.dll, AssemblyMetadataProvider.GetArchitecture: Determined architecture:AnyCPU info for assembly: C:\Users\hugo.braga\source\repos\gitHugo\meta.UnitTest\bin\Debug\net5.0\fine-code-coverage\build-output\meta.UnitTest.dll
TpTrace Information: 0 : 3528, 1, 2022/06/14, 21:08:18.598, 193900378418, vstest.console.dll, Determined platform for all sources: X64
TpTrace Information: 0 : 3528, 1, 2022/06/14, 21:08:18.600, 193900401781, vstest.console.dll, Compatible sources list : 
TpTrace Information: 0 : 3528, 1, 2022/06/14, 21:08:18.600, 193900402821, vstest.console.dll, C:\Users\hugo.braga\source\repos\gitHugo\meta.UnitTest\bin\Debug\net5.0\fine-code-coverage\build-output\meta.UnitTest.dll
TpTrace Information: 0 : 3528, 1, 2022/06/14, 21:08:18.602, 193900421683, vstest.console.dll, InferRunSettingsHelper.IsTestSettingsEnabled: Unable to navigate to RunSettings/MSTest. Current node: RunSettings
TpTrace Information: 0 : 3528, 1, 2022/06/14, 21:08:18.602, 193900427368, vstest.console.dll, AssemblyResolver.OnResolve: Microsoft.VisualStudio.TestPlatform.Fakes: Resolving assembly.
TpTrace Information: 0 : 3528, 1, 2022/06/14, 21:08:18.602, 193900427958, vstest.console.dll, AssemblyResolver.OnResolve: Microsoft.VisualStudio.TestPlatform.Fakes: Searching in: 'C:\Program Files\dotnet\sdk\5.0.408\Extensions'.
TpTrace Information: 0 : 3528, 1, 2022/06/14, 21:08:18.603, 193900429259, vstest.console.dll, AssemblyResolver.OnResolve: Microsoft.VisualStudio.TestPlatform.Fakes: Assembly path does not exist: 'C:\Program Files\dotnet\sdk\5.0.408\Extensions\Microsoft.VisualStudio.TestPlatform.Fakes.dll', returning.
TpTrace Information: 0 : 3528, 1, 2022/06/14, 21:08:18.603, 193900430269, vstest.console.dll, AssemblyResolver.OnResolve: Microsoft.VisualStudio.TestPlatform.Fakes: Assembly path does not exist: 'C:\Program Files\dotnet\sdk\5.0.408\Extensions\Microsoft.VisualStudio.TestPlatform.Fakes.exe', returning.
TpTrace Information: 0 : 3528, 1, 2022/06/14, 21:08:18.603, 193900431534, vstest.console.dll, AssemblyResolver.OnResolve: Microsoft.VisualStudio.TestPlatform.Fakes: Searching in: 'C:\Program Files\dotnet\sdk\5.0.408'.
TpTrace Information: 0 : 3528, 1, 2022/06/14, 21:08:18.603, 193900435130, vstest.console.dll, AssemblyResolver.OnResolve: Microsoft.VisualStudio.TestPlatform.Fakes: Assembly path does not exist: 'C:\Program Files\dotnet\sdk\5.0.408\Microsoft.VisualStudio.TestPlatform.Fakes.dll', returning.
TpTrace Information: 0 : 3528, 1, 2022/06/14, 21:08:18.603, 193900436719, vstest.console.dll, AssemblyResolver.OnResolve: Microsoft.VisualStudio.TestPlatform.Fakes: Assembly path does not exist: 'C:\Program Files\dotnet\sdk\5.0.408\Microsoft.VisualStudio.TestPlatform.Fakes.exe', returning.
TpTrace Information: 0 : 3528, 1, 2022/06/14, 21:08:18.603, 193900437404, vstest.console.dll, AssemblyResolver.OnResolve: Microsoft.VisualStudio.TestPlatform.Fakes: Failed to load assembly.
TpTrace Information: 0 : 3528, 1, 2022/06/14, 21:08:18.604, 193900444945, vstest.console.dll, Failed to create newly implemented Fakes Configurator. Reason:System.IO.FileNotFoundException: Could not load file or assembly 'Microsoft.VisualStudio.TestPlatform.Fakes, Version=16.0.0.0, Culture=neutral, PublicKeyToken=null'. O sistema não pode encontrar o arquivo especificado.
File name: 'Microsoft.VisualStudio.TestPlatform.Fakes, Version=16.0.0.0, Culture=neutral, PublicKeyToken=null'
   at System.Reflection.RuntimeAssembly.InternalLoad(ObjectHandleOnStack assemblyName, ObjectHandleOnStack requestingAssembly, StackCrawlMarkHandle stackMark, Boolean throwOnFileNotFound, ObjectHandleOnStack assemblyLoadContext, ObjectHandleOnStack retAssembly)
   at System.Reflection.RuntimeAssembly.InternalLoad(AssemblyName assemblyName, RuntimeAssembly requestingAssembly, StackCrawlMark& stackMark, Boolean throwOnFileNotFound, AssemblyLoadContext assemblyLoadContext)
   at System.Reflection.Assembly.Load(AssemblyName assemblyRef)
   at Microsoft.VisualStudio.TestPlatform.Common.Utilities.FakesUtilities.TryGetFakesCrossPlatformDataCollectorConfigurator() 
TpTrace Verbose: 0 : 3528, 1, 2022/06/14, 21:08:18.612, 193900520258, vstest.console.dll, TestPluginCache.DiscoverTestExtensions: finding test extensions in assemblies ends with: TestLogger.dll TPluginInfo: Microsoft.VisualStudio.TestPlatform.Common.ExtensionFramework.Utilities.TestLoggerPluginInformation TExtension: Microsoft.VisualStudio.TestPlatform.ObjectModel.Client.ITestLogger
TpTrace Verbose: 0 : 3528, 1, 2022/06/14, 21:08:18.612, 193900521350, vstest.console.dll, TestPluginCache.GetExtensionPaths: Filtered extension paths: 
TpTrace Verbose: 0 : 3528, 1, 2022/06/14, 21:08:18.612, 193900521731, vstest.console.dll, TestPluginCache.GetExtensionPaths: Added default extension paths: C:\Program Files\dotnet\sdk\5.0.408\Extensions\Microsoft.Diagnostics.NETCore.Client.dll
C:\Program Files\dotnet\sdk\5.0.408\Extensions\Microsoft.TestPlatform.Extensions.BlameDataCollector.dll
C:\Program Files\dotnet\sdk\5.0.408\Extensions\Microsoft.TestPlatform.Extensions.EventLogCollector.dll
C:\Program Files\dotnet\sdk\5.0.408\Extensions\Microsoft.TestPlatform.TestHostRuntimeProvider.dll
C:\Program Files\dotnet\sdk\5.0.408\Extensions\Microsoft.VisualStudio.TestPlatform.Extensions.Html.TestLogger.dll
C:\Program Files\dotnet\sdk\5.0.408\Extensions\Microsoft.VisualStudio.TestPlatform.Extensions.Trx.TestLogger.dll
TpTrace Verbose: 0 : 3528, 1, 2022/06/14, 21:08:18.612, 193900522129, vstest.console.dll, TestPluginCache.GetExtensionPaths: Added unfilterableExtensionPaths: 
TpTrace Information: 0 : 3528, 1, 2022/06/14, 21:08:18.612, 193900523789, vstest.console.dll, AssemblyResolver.AddSearchDirectories: Adding more searchDirectories C:\Program Files\dotnet\sdk\5.0.408\Extensions,C:\Program Files\dotnet\sdk\5.0.408
TpTrace Verbose: 0 : 3528, 1, 2022/06/14, 21:08:18.612, 193900524269, vstest.console.dll, TestPluginCache.DiscoverTestExtensions: Discovering the extensions using extension path.
TpTrace Verbose: 0 : 3528, 1, 2022/06/14, 21:08:18.612, 193900524583, vstest.console.dll, TestPluginCache.GetExtensionPaths: Filtered extension paths: 
TpTrace Verbose: 0 : 3528, 1, 2022/06/14, 21:08:18.612, 193900524930, vstest.console.dll, TestPluginCache.GetExtensionPaths: Added default extension paths: C:\Program Files\dotnet\sdk\5.0.408\Extensions\Microsoft.Diagnostics.NETCore.Client.dll
C:\Program Files\dotnet\sdk\5.0.408\Extensions\Microsoft.TestPlatform.Extensions.BlameDataCollector.dll
C:\Program Files\dotnet\sdk\5.0.408\Extensions\Microsoft.TestPlatform.Extensions.EventLogCollector.dll
C:\Program Files\dotnet\sdk\5.0.408\Extensions\Microsoft.TestPlatform.TestHostRuntimeProvider.dll
C:\Program Files\dotnet\sdk\5.0.408\Extensions\Microsoft.VisualStudio.TestPlatform.Extensions.Html.TestLogger.dll
C:\Program Files\dotnet\sdk\5.0.408\Extensions\Microsoft.VisualStudio.TestPlatform.Extensions.Trx.TestLogger.dll
TpTrace Verbose: 0 : 3528, 1, 2022/06/14, 21:08:18.612, 193900525278, vstest.console.dll, TestPluginCache.GetExtensionPaths: Added unfilterableExtensionPaths: 
TpTrace Verbose: 0 : 3528, 1, 2022/06/14, 21:08:18.612, 193900525665, vstest.console.dll, TestPluginCache.DiscoverTestExtensions: Discovering the extensions using allExtensionPaths: C:\Program Files\dotnet\sdk\5.0.408\Extensions\Microsoft.Diagnostics.NETCore.Client.dll
C:\Program Files\dotnet\sdk\5.0.408\Extensions\Microsoft.TestPlatform.Extensions.BlameDataCollector.dll
C:\Program Files\dotnet\sdk\5.0.408\Extensions\Microsoft.TestPlatform.Extensions.EventLogCollector.dll
C:\Program Files\dotnet\sdk\5.0.408\Extensions\Microsoft.TestPlatform.TestHostRuntimeProvider.dll
C:\Program Files\dotnet\sdk\5.0.408\Extensions\Microsoft.VisualStudio.TestPlatform.Extensions.Html.TestLogger.dll
C:\Program Files\dotnet\sdk\5.0.408\Extensions\Microsoft.VisualStudio.TestPlatform.Extensions.Trx.TestLogger.dll
TpTrace Information: 0 : 3528, 1, 2022/06/14, 21:08:18.612, 193900526111, vstest.console.dll, AssemblyResolver.AddSearchDirectories: Adding more searchDirectories C:\Program Files\dotnet\sdk\5.0.408\Extensions,C:\Program Files\dotnet\sdk\5.0.408
TpTrace Information: 0 : 3528, 1, 2022/06/14, 21:08:18.612, 193900526499, vstest.console.dll, AssemblyResolver.AddSearchDirectories: Adding more searchDirectories C:\Program Files\dotnet\sdk\5.0.408\Extensions,C:\Program Files\dotnet\sdk\5.0.408
TpTrace Information: 0 : 3528, 1, 2022/06/14, 21:08:18.612, 193900526809, vstest.console.dll, AssemblyResolver.AddSearchDirectories: Adding more searchDirectories C:\Program Files\dotnet\sdk\5.0.408\Extensions,C:\Program Files\dotnet\sdk\5.0.408
TpTrace Information: 0 : 3528, 1, 2022/06/14, 21:08:18.612, 193900527110, vstest.console.dll, AssemblyResolver.AddSearchDirectories: Adding more searchDirectories C:\Program Files\dotnet\sdk\5.0.408\Extensions,C:\Program Files\dotnet\sdk\5.0.408
TpTrace Information: 0 : 3528, 1, 2022/06/14, 21:08:18.612, 193900527462, vstest.console.dll, AssemblyResolver.AddSearchDirectories: Adding more searchDirectories C:\Program Files\dotnet\sdk\5.0.408\Extensions,C:\Program Files\dotnet\sdk\5.0.408
TpTrace Information: 0 : 3528, 1, 2022/06/14, 21:08:18.612, 193900527766, vstest.console.dll, AssemblyResolver.AddSearchDirectories: Adding more searchDirectories C:\Program Files\dotnet\sdk\5.0.408\Extensions,C:\Program Files\dotnet\sdk\5.0.408
TpTrace Information: 0 : 3528, 1, 2022/06/14, 21:08:18.613, 193900530373, vstest.console.dll, AssemblyResolver.OnResolve: Microsoft.Bcl.AsyncInterfaces: Resolving assembly.
TpTrace Information: 0 : 3528, 1, 2022/06/14, 21:08:18.613, 193900530871, vstest.console.dll, AssemblyResolver.OnResolve: Microsoft.Bcl.AsyncInterfaces: Resolved from cache.
TpTrace Verbose: 0 : 3528, 1, 2022/06/14, 21:08:18.613, 193900531205, vstest.console.dll, CurrentDomainAssemblyResolve: Resolving assembly 'Microsoft.Bcl.AsyncInterfaces'.
TpTrace Information: 0 : 3528, 1, 2022/06/14, 21:08:18.613, 193900531716, vstest.console.dll, AssemblyResolver.OnResolve: Microsoft.Bcl.AsyncInterfaces: Resolving assembly.
TpTrace Information: 0 : 3528, 1, 2022/06/14, 21:08:18.613, 193900532032, vstest.console.dll, AssemblyResolver.OnResolve: Microsoft.Bcl.AsyncInterfaces: Resolved from cache.
TpTrace Verbose: 0 : 3528, 1, 2022/06/14, 21:08:18.613, 193900532331, vstest.console.dll, CurrentDomainAssemblyResolve: Resolving assembly 'Microsoft.Bcl.AsyncInterfaces'.
TpTrace Verbose: 0 : 3528, 1, 2022/06/14, 21:08:18.613, 193900532632, vstest.console.dll, CurrentDomainAssemblyResolve: Failed to resolve assembly 'Microsoft.Bcl.AsyncInterfaces'.
TpTrace Verbose: 0 : 3528, 1, 2022/06/14, 21:08:18.613, 193900534231, vstest.console.dll, CurrentDomainAssemblyResolve: Failed to resolve assembly 'Microsoft.Bcl.AsyncInterfaces'.
TpTrace Warning: 0 : 3528, 1, 2022/06/14, 21:08:18.613, 193900537627, vstest.console.dll, TestPluginDiscoverer: Failed to get types from assembly 'Microsoft.Diagnostics.NETCore.Client, Version=0.2.2.41902, Culture=neutral, PublicKeyToken=31bf3856ad364e35'.  Skipping test extension scan for this assembly.  Error: System.Reflection.ReflectionTypeLoadException: Unable to load one or more of the requested types.
Could not load file or assembly 'Microsoft.Bcl.AsyncInterfaces, Version=1.0.0.0, Culture=neutral, PublicKeyToken=cc7b13ffcd2ddd51'. O sistema não pode encontrar o arquivo especificado.
   at System.Reflection.RuntimeModule.GetTypes(RuntimeModule module)
   at System.Reflection.RuntimeModule.GetTypes()
   at System.Reflection.Assembly.GetTypes()
   at Microsoft.VisualStudio.TestPlatform.Common.ExtensionFramework.TestPluginDiscoverer.GetTestExtensionsFromAssembly[TPluginInfo,TExtension](Assembly assembly, Dictionary`2 pluginInfos)
System.IO.FileNotFoundException: Could not load file or assembly 'Microsoft.Bcl.AsyncInterfaces, Version=1.0.0.0, Culture=neutral, PublicKeyToken=cc7b13ffcd2ddd51'. O sistema não pode encontrar o arquivo especificado.
File name: 'Microsoft.Bcl.AsyncInterfaces, Version=1.0.0.0, Culture=neutral, PublicKeyToken=cc7b13ffcd2ddd51'
TpTrace Warning: 0 : 3528, 1, 2022/06/14, 21:08:18.613, 193900538190, vstest.console.dll, LoaderExceptions: System.IO.FileNotFoundException: Could not load file or assembly 'Microsoft.Bcl.AsyncInterfaces, Version=1.0.0.0, Culture=neutral, PublicKeyToken=cc7b13ffcd2ddd51'. O sistema não pode encontrar o arquivo especificado.
File name: 'Microsoft.Bcl.AsyncInterfaces, Version=1.0.0.0, Culture=neutral, PublicKeyToken=cc7b13ffcd2ddd51'
TpTrace Verbose: 0 : 3528, 1, 2022/06/14, 21:08:18.614, 193900541604, vstest.console.dll, TestPluginCache: Discovered the extensions using extension path ''.
TpTrace Verbose: 0 : 3528, 1, 2022/06/14, 21:08:18.614, 193900542039, vstest.console.dll, TestPluginCache: Discoverers are ''.
TpTrace Verbose: 0 : 3528, 1, 2022/06/14, 21:08:18.614, 193900542312, vstest.console.dll, TestPluginCache: Executors are ''.
TpTrace Verbose: 0 : 3528, 1, 2022/06/14, 21:08:18.614, 193900542625, vstest.console.dll, TestPluginCache: Executors2 are ''.
TpTrace Verbose: 0 : 3528, 1, 2022/06/14, 21:08:18.614, 193900542883, vstest.console.dll, TestPluginCache: Setting providers are ''.
TpTrace Verbose: 0 : 3528, 1, 2022/06/14, 21:08:18.614, 193900543514, vstest.console.dll, TestPluginCache: Loggers are 'logger://Microsoft/TestPlatform/Extensions/Blame/v1,logger://Microsoft/TestPlatform/HtmlLogger/v1,logger://Microsoft/TestPlatform/TrxLogger/v1'.
TpTrace Information: 0 : 3528, 1, 2022/06/14, 21:08:18.615, 193900549426, vstest.console.dll, TestPluginManager.CreateTestExtension: Attempting to load test extension: Microsoft.TestPlatform.Extensions.BlameDataCollector.BlameLogger
TpTrace Information: 0 : 3528, 1, 2022/06/14, 21:08:18.628, 193900686784, vstest.console.dll, TestPluginManager.CreateTestExtension: Attempting to load test extension: Microsoft.VisualStudio.TestPlatform.CrossPlatEngine.Hosting.DefaultTestHostManager
TpTrace Information: 0 : 3528, 1, 2022/06/14, 21:08:18.629, 193900689607, vstest.console.dll, TestPluginManager.CreateTestExtension: Attempting to load test extension: Microsoft.VisualStudio.TestPlatform.CrossPlatEngine.Hosting.DotnetTestHostManager
TpTrace Verbose: 0 : 3528, 1, 2022/06/14, 21:08:18.629, 193900694184, vstest.console.dll, TestEngine: Initializing Parallel Execution as MaxCpuCount is set to: 1
TpTrace Information: 0 : 3528, 1, 2022/06/14, 21:08:18.630, 193900698612, vstest.console.dll, InferRunSettingsHelper.IsTestSettingsEnabled: Unable to navigate to RunSettings/MSTest. Current node: RunSettings
TpTrace Verbose: 0 : 3528, 1, 2022/06/14, 21:08:18.649, 193900890160, vstest.console.dll, TestRequestSender is acting as server
TpTrace Verbose: 0 : 3528, 4, 2022/06/14, 21:08:18.652, 193900920898, vstest.console.dll, DataCollectionRequestSender.InitializeCommunication : Initialize communication. 
TpTrace Information: 0 : 3528, 4, 2022/06/14, 21:08:18.677, 193901177747, vstest.console.dll, Listening on Endpoint : 127.0.0.1:54798
TpTrace Verbose: 0 : 3528, 4, 2022/06/14, 21:08:18.694, 193901342579, vstest.console.dll, DotnetDataCollectionLauncher: Full path of dotnet.exe is C:\Program Files\dotnet\dotnet.exe
TpTrace Verbose: 0 : 3528, 4, 2022/06/14, 21:08:18.694, 193901345659, vstest.console.dll, DotnetDataCollectionLauncher: Adding  --runtimeconfig "C:\Program Files\dotnet\sdk\5.0.408\datacollector.runtimeconfig.json" in args
TpTrace Verbose: 0 : 3528, 4, 2022/06/14, 21:08:18.694, 193901346913, vstest.console.dll, DotnetDataCollectionLauncher: Adding  --depsfile "C:\Program Files\dotnet\sdk\5.0.408\datacollector.deps.json" in args
TpTrace Information: 0 : 3528, 4, 2022/06/14, 21:08:18.708, 193901482526, vstest.console.dll, ProxyDataCollectionManager.Initialize: Launched datacollector processId: 17820 port: 54798
TpTrace Information: 0 : 3528, 4, 2022/06/14, 21:08:18.709, 193901495189, vstest.console.dll, ProxyDataCollectionManager.Initialize: waiting for connection with timeout: 90 seconds
TpTrace Verbose: 0 : 3528, 4, 2022/06/14, 21:08:18.709, 193901498228, vstest.console.dll, DataCollectionRequestSender.WaitForRequestHandlerConnection : Waiting for connection with timeout: 90000
TpTrace Information: 0 : 3528, 7, 2022/06/14, 21:08:19.028, 193904680179, vstest.console.dll, Using the buffer size of 16384 bytes
TpTrace Verbose: 0 : 3528, 4, 2022/06/14, 21:08:19.028, 193904680707, vstest.console.dll, ProxyDataCollectionManager.InvokeDataCollectionServiceAction: Starting.
TpTrace Information: 0 : 3528, 7, 2022/06/14, 21:08:19.028, 193904681963, vstest.console.dll, Accepted Client request and set the flag
TpTrace Information: 0 : 3528, 4, 2022/06/14, 21:08:19.028, 193904683945, vstest.console.dll, ProxyDataCollectionManager.BeforeTestRunStart: Get environment variable and port for datacollector processId: 17820 port: 54798
TpTrace Verbose: 0 : 3528, 4, 2022/06/14, 21:08:19.028, 193904686236, vstest.console.dll, DataCollectionRequestSender.SendBeforeTestRunStartAndGetResult : Send BeforeTestRunStart message with settingsXml <RunSettings><RunConfiguration><ResultsDirectory>C:\Users\hugo.braga\source\repos\gitHugo\meta.UnitTest\bin\Debug\net5.0\fine-code-coverage\coverage-tool-output</ResultsDirectory><TargetPlatform>X64</TargetPlatform><TargetFrameworkVersion>.NETCoreApp,Version=v5.0</TargetFrameworkVersion><DesignMode>False</DesignMode><CollectSourceInformation>False</CollectSourceInformation><TestAdaptersPaths>C:\Program Files\dotnet\sdk\5.0.408\Extensions</TestAdaptersPaths></RunConfiguration><LoggerRunSettings><Loggers><Logger friendlyName="blame" enabled="True" /><Logger friendlyName="Console" uri="logger://microsoft/TestPlatform/ConsoleLogger/v1" assemblyQualifiedName="Microsoft.VisualStudio.TestPlatform.CommandLine.Internal.ConsoleLogger, vstest.console, Version=15.0.0.0, Culture=neutral, PublicKeyToken=b03f5f7f11d50a3a" codeBase="C:\Program Files\dotnet\sdk\5.0.408\vstest.console.dll" enabled="True" /></Loggers></LoggerRunSettings><DataCollectionRunSettings><DataCollectors><DataCollector friendlyName="blame" enabled="True"><Configuration><ResultsDirectory>C:\Users\hugo.braga\source\repos\gitHugo\meta.UnitTest\bin\Debug\net5.0\fine-code-coverage\coverage-tool-output</ResultsDirectory></Configuration></DataCollector></DataCollectors></DataCollectionRunSettings></RunSettings> and sources System.Linq.Enumerable+Concat2Iterator`1[System.String]: 
TpTrace Verbose: 0 : 3528, 4, 2022/06/14, 21:08:19.173, 193906136608, vstest.console.dll, DataCollectionRequestSender.SendBeforeTestRunStartAndGetResult : Received message: (DataCollection.SendMessage) -> {
  "FriendlyName": null,
  "Uri": null,
  "TestCaseId": "00000000-0000-0000-0000-000000000000",
  "Message": "Logging DataCollector Diagnostics in file: C:\\Users\\hugo.braga\\source\\repos\\gitHugo\\meta.UnitTest\\bin\\Debug\\net5.0\\fine-code-coverage\\coverage-tool-output\\diagnostics.datacollector.22-06-14_21-08-18_68422_4.log",
  "Level": 0
}
TpTrace Verbose: 0 : 3528, 4, 2022/06/14, 21:08:19.260, 193907005692, vstest.console.dll, DataCollectionRequestSender.SendBeforeTestRunStartAndGetResult : Received message: (DataCollection.BeforeTestRunStartResult) -> {
  "EnvironmentVariables": {},
  "DataCollectionEventsPort": 54801
}
TpTrace Information: 0 : 3528, 4, 2022/06/14, 21:08:19.264, 193907041158, vstest.console.dll, ProxyDataCollectionManager.BeforeTestRunStart: SendBeforeTestRunStartAndGetResult successful, env variable from datacollector:   and testhost port: 54801
TpTrace Information: 0 : 3528, 4, 2022/06/14, 21:08:19.264, 193907042210, vstest.console.dll, ProxyDataCollectionManager.InvokeDataCollectionServiceAction: Completed.
TpTrace Verbose: 0 : 3528, 1, 2022/06/14, 21:08:19.264, 193907043586, vstest.console.dll, TestRunRequest.ExecuteAsync: Creating test run request.
TpTrace Verbose: 0 : 3528, 1, 2022/06/14, 21:08:19.264, 193907046189, vstest.console.dll, TestRunRequest.ExecuteAsync: Starting.
TpTrace Information: 0 : 3528, 1, 2022/06/14, 21:08:19.265, 193907048746, vstest.console.dll, TestRunRequest.ExecuteAsync: Starting run with settings:TestRunCriteria:
   KeepAlive=False,FrequencyOfRunStatsChangeEvent=10,RunStatsChangeEventTimeout=00:00:01.5000000,TestCaseFilter=,TestExecutorLauncher=
   Settingsxml=<RunSettings>
  <RunConfiguration>
    <ResultsDirectory>C:\Users\hugo.braga\source\repos\gitHugo\meta.UnitTest\bin\Debug\net5.0\fine-code-coverage\coverage-tool-output</ResultsDirectory>
    <TargetPlatform>X64</TargetPlatform>
    <TargetFrameworkVersion>.NETCoreApp,Version=v5.0</TargetFrameworkVersion>
    <DesignMode>False</DesignMode>
    <CollectSourceInformation>False</CollectSourceInformation>
  </RunConfiguration>
  <LoggerRunSettings>
    <Loggers>
      <Logger friendlyName="blame" enabled="True" />
      <Logger friendlyName="Console" uri="logger://microsoft/TestPlatform/ConsoleLogger/v1" assemblyQualifiedName="Microsoft.VisualStudio.TestPlatform.CommandLine.Internal.ConsoleLogger, vstest.console, Version=15.0.0.0, Culture=neutral, PublicKeyToken=b03f5f7f11d50a3a" codeBase="C:\Program Files\dotnet\sdk\5.0.408\vstest.console.dll" enabled="True" />
    </Loggers>
  </LoggerRunSettings>
  <DataCollectionRunSettings>
    <DataCollectors>
      <DataCollector friendlyName="blame" enabled="True">
        <Configuration>
          <ResultsDirectory>C:\Users\hugo.braga\source\repos\gitHugo\meta.UnitTest\bin\Debug\net5.0\fine-code-coverage\coverage-tool-output</ResultsDirectory>
        </Configuration>
      </DataCollector>
    </DataCollectors>
  </DataCollectionRunSettings>
</RunSettings>

TpTrace Verbose: 0 : 3528, 1, 2022/06/14, 21:08:19.265, 193907049358, vstest.console.dll, TestRunRequest.ExecuteAsync: Wait for the first run request is over.
TpTrace Verbose: 0 : 3528, 1, 2022/06/14, 21:08:19.265, 193907053121, vstest.console.dll, ParallelProxyExecutionManager: Start execution. Total sources: 1
TpTrace Information: 0 : 3528, 1, 2022/06/14, 21:08:19.266, 193907058437, vstest.console.dll, ProxyParallelExecutionManager: Triggering test run for next source: C:\Users\hugo.braga\source\repos\gitHugo\meta.UnitTest\bin\Debug\net5.0\fine-code-coverage\build-output\meta.UnitTest.dll
TpTrace Verbose: 0 : 3528, 4, 2022/06/14, 21:08:19.266, 193907060131, vstest.console.dll, ParallelProxyExecutionManager: Execution started. Started clients: 1
TpTrace Verbose: 0 : 3528, 1, 2022/06/14, 21:08:19.266, 193907060407, vstest.console.dll, ProxyParallelExecutionManager: No sources available for execution.
TpTrace Information: 0 : 3528, 1, 2022/06/14, 21:08:19.266, 193907061382, vstest.console.dll, TestRunRequest.ExecuteAsync: Started.
TpTrace Verbose: 0 : 3528, 1, 2022/06/14, 21:08:19.266, 193907062206, vstest.console.dll, TestRunRequest.WaitForCompletion: Waiting with timeout -1.
TpTrace Verbose: 0 : 3528, 4, 2022/06/14, 21:08:19.266, 193907062773, vstest.console.dll, TestRunRequest:SendTestRunMessage: Starting.
TpTrace Information: 0 : 3528, 4, 2022/06/14, 21:08:19.266, 193907063873, vstest.console.dll, TestRunRequest:SendTestRunMessage: Completed.
TpTrace Verbose: 0 : 3528, 4, 2022/06/14, 21:08:19.266, 193907065868, vstest.console.dll, ProxyExecutionManager: Test host is always Lazy initialize.
TpTrace Verbose: 0 : 3528, 4, 2022/06/14, 21:08:19.266, 193907068040, vstest.console.dll, TestRequestSender.InitializeCommunication: initialize communication. 
TpTrace Information: 0 : 3528, 4, 2022/06/14, 21:08:19.267, 193907073058, vstest.console.dll, SocketServer.Start: Listening on endpoint : 127.0.0.1:54802
TpTrace Verbose: 0 : 3528, 4, 2022/06/14, 21:08:19.268, 193907080718, vstest.console.dll, DotnetTestHostmanager: Adding  --runtimeconfig "C:\Users\hugo.braga\source\repos\gitHugo\meta.UnitTest\bin\Debug\net5.0\fine-code-coverage\build-output\meta.UnitTest.runtimeconfig.json" in args
TpTrace Verbose: 0 : 3528, 4, 2022/06/14, 21:08:19.268, 193907082274, vstest.console.dll, DotnetTestHostmanager: Adding  --depsfile "C:\Users\hugo.braga\source\repos\gitHugo\meta.UnitTest\bin\Debug\net5.0\fine-code-coverage\build-output\meta.UnitTest.deps.json" in args
TpTrace Verbose: 0 : 3528, 4, 2022/06/14, 21:08:19.268, 193907084284, vstest.console.dll, DotnetTestHostManager: Testhost.exe/testhost.x86.exe found at path: C:\Users\hugo.braga\source\repos\gitHugo\meta.UnitTest\bin\Debug\net5.0\fine-code-coverage\build-output\testhost.exe
TpTrace Verbose: 0 : 3528, 4, 2022/06/14, 21:08:19.268, 193907084860, vstest.console.dll, DotnetTestHostmanager: Full path of host exe is C:\Users\hugo.braga\source\repos\gitHugo\meta.UnitTest\bin\Debug\net5.0\fine-code-coverage\build-output\testhost.exe
TpTrace Verbose: 0 : 3528, 10, 2022/06/14, 21:08:19.269, 193907093584, vstest.console.dll, DotnetTestHostManager: Starting process 'C:\Users\hugo.braga\source\repos\gitHugo\meta.UnitTest\bin\Debug\net5.0\fine-code-coverage\build-output\testhost.exe' with command line ' --runtimeconfig "C:\Users\hugo.braga\source\repos\gitHugo\meta.UnitTest\bin\Debug\net5.0\fine-code-coverage\build-output\meta.UnitTest.runtimeconfig.json" --depsfile "C:\Users\hugo.braga\source\repos\gitHugo\meta.UnitTest\bin\Debug\net5.0\fine-code-coverage\build-output\meta.UnitTest.deps.json" --port 54802 --endpoint 127.0.0.1:054802 --role client --parentprocessid 3528 --diag "C:\Users\hugo.braga\source\repos\gitHugo\meta.UnitTest\bin\Debug\net5.0\fine-code-coverage\coverage-tool-output\diagnostics.host.22-06-14_21-08-19_26779_4.log" --tracelevel 4 --datacollectionport 54801 --telemetryoptedin false'
TpTrace Verbose: 0 : 3528, 10, 2022/06/14, 21:08:19.288, 193907282399, vstest.console.dll, Test Runtime launched
TpTrace Verbose: 0 : 3528, 4, 2022/06/14, 21:08:19.292, 193907320271, vstest.console.dll, TestRequestSender.WaitForRequestHandlerConnection: waiting for connection with timeout: 90000
TpTrace Verbose: 0 : 3528, 13, 2022/06/14, 21:08:19.619, 193910594659, vstest.console.dll, SocketServer.OnClientConnected: Client connected for endPoint: 127.0.0.1:54802, starting MessageLoopAsync:
TpTrace Verbose: 0 : 3528, 13, 2022/06/14, 21:08:19.620, 193910600004, vstest.console.dll, TcpClientExtensions.MessageLoopAsync: Polling on remoteEndPoint: 127.0.0.1:54803 localEndPoint: 127.0.0.1:54802
TpTrace Verbose: 0 : 3528, 13, 2022/06/14, 21:08:19.846, 193912864493, vstest.console.dll, TcpClientExtensions.MessageLoopAsync: NotifyDataAvailable remoteEndPoint: 127.0.0.1:54803 localEndPoint: 127.0.0.1:54802
TpTrace Verbose: 0 : 3528, 13, 2022/06/14, 21:08:19.846, 193912867382, vstest.console.dll, TestRequestSender.CheckVersionWithTestHost: onMessageReceived received message: (ProtocolVersion) -> 5
TpTrace Verbose: 0 : 3528, 13, 2022/06/14, 21:08:19.847, 193912871405, vstest.console.dll, TcpClientExtensions.MessageLoopAsync: Polling on remoteEndPoint: 127.0.0.1:54803 localEndPoint: 127.0.0.1:54802
TpTrace Verbose: 0 : 3528, 4, 2022/06/14, 21:08:19.847, 193912872604, vstest.console.dll, TestPluginCache.GetExtensionPaths: Filtered extension paths: 
TpTrace Verbose: 0 : 3528, 4, 2022/06/14, 21:08:19.847, 193912873349, vstest.console.dll, TestPluginCache.GetExtensionPaths: Added default extension paths: C:\Program Files\dotnet\sdk\5.0.408\Extensions\Microsoft.Diagnostics.NETCore.Client.dll
C:\Program Files\dotnet\sdk\5.0.408\Extensions\Microsoft.TestPlatform.Extensions.BlameDataCollector.dll
C:\Program Files\dotnet\sdk\5.0.408\Extensions\Microsoft.TestPlatform.Extensions.EventLogCollector.dll
C:\Program Files\dotnet\sdk\5.0.408\Extensions\Microsoft.TestPlatform.TestHostRuntimeProvider.dll
C:\Program Files\dotnet\sdk\5.0.408\Extensions\Microsoft.VisualStudio.TestPlatform.Extensions.Html.TestLogger.dll
C:\Program Files\dotnet\sdk\5.0.408\Extensions\Microsoft.VisualStudio.TestPlatform.Extensions.Trx.TestLogger.dll
TpTrace Verbose: 0 : 3528, 4, 2022/06/14, 21:08:19.847, 193912873724, vstest.console.dll, TestPluginCache.GetExtensionPaths: Added unfilterableExtensionPaths: 
TpTrace Verbose: 0 : 3528, 4, 2022/06/14, 21:08:19.850, 193912904900, vstest.console.dll, TestRequestSender.InitializeExecution: Sending initializing execution with message: {"Version":5,"MessageType":"TestExecution.Initialize","Payload":["C:\\Users\\hugo.braga\\source\\repos\\gitHugo\\meta.UnitTest\\bin\\Debug\\net5.0\\fine-code-coverage\\build-output\\Microsoft.VisualStudio.TestPlatform.MSTest.TestAdapter.dll"]}
TpTrace Verbose: 0 : 3528, 13, 2022/06/14, 21:08:19.865, 193913053245, vstest.console.dll, TcpClientExtensions.MessageLoopAsync: NotifyDataAvailable remoteEndPoint: 127.0.0.1:54803 localEndPoint: 127.0.0.1:54802
TpTrace Verbose: 0 : 3528, 13, 2022/06/14, 21:08:19.865, 193913055462, vstest.console.dll, TestRequestSender.OnExecutionMessageReceived: Received message: {"Version":5,"MessageType":"TestSession.Message","Payload":{"MessageLevel":0,"Message":"Logging TestHost Diagnostics in file: C:\\Users\\hugo.braga\\source\\repos\\gitHugo\\meta.UnitTest\\bin\\Debug\\net5.0\\fine-code-coverage\\coverage-tool-output\\diagnostics.host.22-06-14_21-08-19_26779_4.log"}}
TpTrace Verbose: 0 : 3528, 4, 2022/06/14, 21:08:19.866, 193913059106, vstest.console.dll, TestRequestSender.StartTestRun: Sending test run with message: {"Version":5,"MessageType":"TestExecution.StartWithSources","Payload":{"AdapterSourceMap":{"_none_":["C:\\Users\\hugo.braga\\source\\repos\\gitHugo\\meta.UnitTest\\bin\\Debug\\net5.0\\fine-code-coverage\\build-output\\meta.UnitTest.dll"]},"RunSettings":"<RunSettings>\r\n  <RunConfiguration>\r\n    <ResultsDirectory>C:\\Users\\hugo.braga\\source\\repos\\gitHugo\\meta.UnitTest\\bin\\Debug\\net5.0\\fine-code-coverage\\coverage-tool-output</ResultsDirectory>\r\n    <TargetPlatform>X64</TargetPlatform>\r\n    <TargetFrameworkVersion>.NETCoreApp,Version=v5.0</TargetFrameworkVersion>\r\n    <DesignMode>False</DesignMode>\r\n    <CollectSourceInformation>False</CollectSourceInformation>\r\n  </RunConfiguration>\r\n  <LoggerRunSettings>\r\n    <Loggers>\r\n      <Logger friendlyName=\"blame\" enabled=\"True\" />\r\n      <Logger friendlyName=\"Console\" uri=\"logger://microsoft/TestPlatform/ConsoleLogger/v1\" assemblyQualifiedName=\"Microsoft.VisualStudio.TestPlatform.CommandLine.Internal.ConsoleLogger, vstest.console, Version=15.0.0.0, Culture=neutral, PublicKeyToken=b03f5f7f11d50a3a\" codeBase=\"C:\\Program Files\\dotnet\\sdk\\5.0.408\\vstest.console.dll\" enabled=\"True\" />\r\n    </Loggers>\r\n  </LoggerRunSettings>\r\n  <DataCollectionRunSettings>\r\n    <DataCollectors>\r\n      <DataCollector friendlyName=\"blame\" enabled=\"True\">\r\n        <Configuration>\r\n          <ResultsDirectory>C:\\Users\\hugo.braga\\source\\repos\\gitHugo\\meta.UnitTest\\bin\\Debug\\net5.0\\fine-code-coverage\\coverage-tool-output</ResultsDirectory>\r\n        </Configuration>\r\n      </DataCollector>\r\n    </DataCollectors>\r\n  </DataCollectionRunSettings>\r\n</RunSettings>","TestExecutionContext":{"FrequencyOfRunStatsChangeEvent":10,"RunStatsChangeEventTimeout":"00:00:01.5000000","InIsolation":false,"KeepAlive":false,"AreTestCaseLevelEventsRequired":false,"IsDebug":false,"TestCaseFilter":null,"FilterOptions":null},"Package":null}}
TpTrace Verbose: 0 : 3528, 13, 2022/06/14, 21:08:19.868, 193913081403, vstest.console.dll, TestRunRequest:SendTestRunMessage: Starting.
TpTrace Information: 0 : 3528, 13, 2022/06/14, 21:08:19.868, 193913083106, vstest.console.dll, TestRunRequest:SendTestRunMessage: Completed.
TpTrace Verbose: 0 : 3528, 13, 2022/06/14, 21:08:19.868, 193913083623, vstest.console.dll, TcpClientExtensions.MessageLoopAsync: Polling on remoteEndPoint: 127.0.0.1:54803 localEndPoint: 127.0.0.1:54802
TpTrace Verbose: 0 : 3528, 13, 2022/06/14, 21:08:20.572, 193920123897, vstest.console.dll, TcpClientExtensions.MessageLoopAsync: NotifyDataAvailable remoteEndPoint: 127.0.0.1:54803 localEndPoint: 127.0.0.1:54802
TpTrace Verbose: 0 : 3528, 13, 2022/06/14, 21:08:20.574, 193920142191, vstest.console.dll, TestRequestSender.OnExecutionMessageReceived: Received message: {"Version":5,"MessageType":"TestExecution.Completed","Payload":{"TestRunCompleteArgs":{"TestRunStatistics":{"ExecutedTests":7,"Stats":{"Passed":7}},"IsCanceled":false,"IsAborted":false,"Error":null,"AttachmentSets":[],"ElapsedTimeInRunningTests":"00:00:00.4908250","Metrics":{}},"LastRunTests":{"NewTestResults":[{"TestCase":{"Id":"b69a2959-7130-69f9-b148-12864f526b0a","FullyQualifiedName":"meta.UnitTest.UnitTest1.GetTest_ReturnOK","DisplayName":"GetTest_ReturnOK","ExecutorUri":"executor://MSTestAdapter/v2","Source":"C:\\Users\\hugo.braga\\source\\repos\\gitHugo\\meta.UnitTest\\bin\\Debug\\net5.0\\fine-code-coverage\\build-output\\meta.UnitTest.dll","CodeFilePath":null,"LineNumber":-1,"Properties":[{"Key":{"Id":"TestCase.ManagedType","Label":"ManagedType","Category":"","Description":"","Attributes":1,"ValueType":"System.String"},"Value":"meta.UnitTest.UnitTest1"},{"Key":{"Id":"TestCase.ManagedMethod","Label":"ManagedMethod","Category":"","Description":"","Attributes":1,"ValueType":"System.String"},"Value":"GetTest_ReturnOK"},{"Key":{"Id":"MSTestDiscoverer.TestClassName","Label":"ClassName","Category":"","Description":"","Attributes":1,"ValueType":"System.String"},"Value":"meta.UnitTest.UnitTest1"},{"Key":{"Id":"TestObject.Traits","Label":"Traits","Category":"","Description":"","Attributes":5,"ValueType":"System.Collections.Generic.KeyValuePair`2[[System.String],[System.String]][]"},"Value":[]}]},"Attachments":[],"Outcome":1,"ErrorMessage":null,"ErrorStackTrace":null,"DisplayName":null,"Messages":[],"ComputerName":null,"Duration":"00:00:00.1200490","StartTime":"2022-06-14T21:08:20.2657844-03:00","EndTime":"2022-06-14T21:08:20.4305708-03:00","Properties":[{"Key":{"Id":"ExecutionId","Label":"ExecutionId","Category":"","Description":"","Attributes":1,"ValueType":"System.Guid"},"Value":"00000000-0000-0000-0000-000000000000"},{"Key":{"Id":"ParentExecId","Label":"ParentExecId","Category":"","Description":"","Attributes":1,"ValueType":"System.Guid"},"Value":"00000000-0000-0000-0000-000000000000"},{"Key":{"Id":"InnerResultsCount","Label":"InnerResultsCount","Category":"","Description":"","Attributes":1,"ValueType":"System.Int32"},"Value":0}]},{"TestCase":{"Id":"48ecedfd-9d17-56a9-e58b-ec03ff439359","FullyQualifiedName":"meta.UnitTest.UnitTest1.GetTest_ReturnNotFound","DisplayName":"GetTest_ReturnNotFound","ExecutorUri":"executor://MSTestAdapter/v2","Source":"C:\\Users\\hugo.braga\\source\\repos\\gitHugo\\meta.UnitTest\\bin\\Debug\\net5.0\\fine-code-coverage\\build-output\\meta.UnitTest.dll","CodeFilePath":null,"LineNumber":-1,"Properties":[{"Key":{"Id":"TestCase.ManagedType","Label":"ManagedType","Category":"","Description":"","Attributes":1,"ValueType":"System.String"},"Value":"meta.UnitTest.UnitTest1"},{"Key":{"Id":"TestCase.ManagedMethod","Label":"ManagedMethod","Category":"","Description":"","Attributes":1,"ValueType":"System.String"},"Value":"GetTest_ReturnNotFound"},{"Key":{"Id":"MSTestDiscoverer.TestClassName","Label":"ClassName","Category":"","Description":"","Attributes":1,"ValueType":"System.String"},"Value":"meta.UnitTest.UnitTest1"},{"Key":{"Id":"TestObject.Traits","Label":"Traits","Category":"","Description":"","Attributes":5,"ValueType":"System.Collections.Generic.KeyValuePair`2[[System.String],[System.String]][]"},"Value":[]}]},"Attachments":[],"Outcome":1,"ErrorMessage":null,"ErrorStackTrace":null,"DisplayName":null,"Messages":[],"ComputerName":null,"Duration":"00:00:00.0010632","StartTime":"2022-06-14T21:08:20.4637459-03:00","EndTime":"2022-06-14T21:08:20.4651059-03:00","Properties":[{"Key":{"Id":"ExecutionId","Label":"ExecutionId","Category":"","Description":"","Attributes":1,"ValueType":"System.Guid"},"Value":"00000000-0000-0000-0000-000000000000"},{"Key":{"Id":"ParentExecId","Label":"ParentExecId","Category":"","Description":"","Attributes":1,"ValueType":"System.Guid"},"Value":"00000000-0000-0000-0000-000000000000"},{"Key":{"Id":"InnerResultsCount","Label":"InnerResultsCount","Category":"","Description":"","Attributes":1,"ValueType":"System.Int32"},"Value":0}]},{"TestCase":{"Id":"5685345e-e48b-391f-ca2d-a1f2304b1c73","FullyQualifiedName":"meta.UnitTest.UnitTest1.DeleteTest_ReturnOK","DisplayName":"DeleteTest_ReturnOK","ExecutorUri":"executor://MSTestAdapter/v2","Source":"C:\\Users\\hugo.braga\\source\\repos\\gitHugo\\meta.UnitTest\\bin\\Debug\\net5.0\\fine-code-coverage\\build-output\\meta.UnitTest.dll","CodeFilePath":null,"LineNumber":-1,"Properties":[{"Key":{"Id":"TestCase.ManagedType","Label":"ManagedType","Category":"","Description":"","Attributes":1,"ValueType":"System.String"},"Value":"meta.UnitTest.UnitTest1"},{"Key":{"Id":"TestCase.ManagedMethod","Label":"ManagedMethod","Category":"","Description":"","Attributes":1,"ValueType":"System.String"},"Value":"DeleteTest_ReturnOK"},{"Key":{"Id":"MSTestDiscoverer.TestClassName","Label":"ClassName","Category":"","Description":"","Attributes":1,"ValueType":"System.String"},"Value":"meta.UnitTest.UnitTest1"},{"Key":{"Id":"TestObject.Traits","Label":"Traits","Category":"","Description":"","Attributes":5,"ValueType":"System.Collections.Generic.KeyValuePair`2[[System.String],[System.String]][]"},"Value":[]}]},"Attachments":[],"Outcome":1,"ErrorMessage":null,"ErrorStackTrace":null,"DisplayName":null,"Messages":[],"ComputerName":null,"Duration":"00:00:00.0175041","StartTime":"2022-06-14T21:08:20.4670824-03:00","EndTime":"2022-06-14T21:08:20.4848413-03:00","Properties":[{"Key":{"Id":"ExecutionId","Label":"ExecutionId","Category":"","Description":"","Attributes":1,"ValueType":"System.Guid"},"Value":"00000000-0000-0000-0000-000000000000"},{"Key":{"Id":"ParentExecId","Label":"ParentExecId","Category":"","Description":"","Attributes":1,"ValueType":"System.Guid"},"Value":"00000000-0000-0000-0000-000000000000"},{"Key":{"Id":"InnerResultsCount","Label":"InnerResultsCount","Category":"","Description":"","Attributes":1,"ValueType":"System.Int32"},"Value":0}]},{"TestCase":{"Id":"1af55213-8ee0-a449-1400-4020ecdb1451","FullyQualifiedName":"meta.UnitTest.UnitTest1.DeleteTest_ReturnNotFound","DisplayName":"DeleteTest_ReturnNotFound","ExecutorUri":"executor://MSTestAdapter/v2","Source":"C:\\Users\\hugo.braga\\source\\repos\\gitHugo\\meta.UnitTest\\bin\\Debug\\net5.0\\fine-code-coverage\\build-output\\meta.UnitTest.dll","CodeFilePath":null,"LineNumber":-1,"Properties":[{"Key":{"Id":"TestCase.ManagedType","Label":"ManagedType","Category":"","Description":"","Attributes":1,"ValueType":"System.String"},"Value":"meta.UnitTest.UnitTest1"},{"Key":{"Id":"TestCase.ManagedMethod","Label":"ManagedMethod","Category":"","Description":"","Attributes":1,"ValueType":"System.String"},"Value":"DeleteTest_ReturnNotFound"},{"Key":{"Id":"MSTestDiscoverer.TestClassName","Label":"ClassName","Category":"","Description":"","Attributes":1,"ValueType":"System.String"},"Value":"meta.UnitTest.UnitTest1"},{"Key":{"Id":"TestObject.Traits","Label":"Traits","Category":"","Description":"","Attributes":5,"ValueType":"System.Collections.Generic.KeyValuePair`2[[System.String],[System.String]][]"},"Value":[]}]},"Attachments":[],"Outcome":1,"ErrorMessage":null,"ErrorStackTrace":null,"DisplayName":null,"Messages":[],"ComputerName":null,"Duration":"00:00:00.0006902","StartTime":"2022-06-14T21:08:20.4961752-03:00","EndTime":"2022-06-14T21:08:20.4971055-03:00","Properties":[{"Key":{"Id":"ExecutionId","Label":"ExecutionId","Category":"","Description":"","Attributes":1,"ValueType":"System.Guid"},"Value":"00000000-0000-0000-0000-000000000000"},{"Key":{"Id":"ParentExecId","Label":"ParentExecId","Category":"","Description":"","Attributes":1,"ValueType":"System.Guid"},"Value":"00000000-0000-0000-0000-000000000000"},{"Key":{"Id":"InnerResultsCount","Label":"InnerResultsCount","Category":"","Description":"","Attributes":1,"ValueType":"System.Int32"},"Value":0}]},{"TestCase":{"Id":"b0cc19a1-7843-ef01-af39-b57ff313ea1e","FullyQualifiedName":"meta.UnitTest.UnitTest1.EditTest_ReturnOK","DisplayName":"EditTest_ReturnOK","ExecutorUri":"executor://MSTestAdapter/v2","Source":"C:\\Users\\hugo.braga\\source\\repos\\gitHugo\\meta.UnitTest\\bin\\Debug\\net5.0\\fine-code-coverage\\build-output\\meta.UnitTest.dll","CodeFilePath":null,"LineNumber":-1,"Properties":[{"Key":{"Id":"TestCase.ManagedType","Label":"ManagedType","Category":"","Description":"","Attributes":1,"ValueType":"System.String"},"Value":"meta.UnitTest.UnitTest1"},{"Key":{"Id":"TestCase.ManagedMethod","Label":"ManagedMethod","Category":"","Description":"","Attributes":1,"ValueType":"System.String"},"Value":"EditTest_ReturnOK"},{"Key":{"Id":"MSTestDiscoverer.TestClassName","Label":"ClassName","Category":"","Description":"","Attributes":1,"ValueType":"System.String"},"Value":"meta.UnitTest.UnitTest1"},{"Key":{"Id":"TestObject.Traits","Label":"Traits","Category":"","Description":"","Attributes":5,"ValueType":"System.Collections.Generic.KeyValuePair`2[[System.String],[System.String]][]"},"Value":[]}]},"Attachments":[],"Outcome":1,"ErrorMessage":null,"ErrorStackTrace":null,"DisplayName":null,"Messages":[],"ComputerName":null,"Duration":"00:00:00.0069118","StartTime":"2022-06-14T21:08:20.4990307-03:00","EndTime":"2022-06-14T21:08:20.5068082-03:00","Properties":[{"Key":{"Id":"ExecutionId","Label":"ExecutionId","Category":"","Description":"","Attributes":1,"ValueType":"System.Guid"},"Value":"00000000-0000-0000-0000-000000000000"},{"Key":{"Id":"ParentExecId","Label":"ParentExecId","Category":"","Description":"","Attributes":1,"ValueType":"System.Guid"},"Value":"00000000-0000-0000-0000-000000000000"},{"Key":{"Id":"InnerResultsCount","Label":"InnerResultsCount","Category":"","Description":"","Attributes":1,"ValueType":"System.Int32"},"Value":0}]},{"TestCase":{"Id":"96551c68-2339-df11-41e8-f012d12f6ea0","FullyQualifiedName":"meta.UnitTest.UnitTest1.EditTest_ReturnNotFound","DisplayName":"EditTest_ReturnNotFound","ExecutorUri":"executor://MSTestAdapter/v2","Source":"C:\\Users\\hugo.braga\\source\\repos\\gitHugo\\meta.UnitTest\\bin\\Debug\\net5.0\\fine-code-coverage\\build-output\\meta.UnitTest.dll","CodeFilePath":null,"LineNumber":-1,"Properties":[{"Key":{"Id":"TestCase.ManagedType","Label":"ManagedType","Category":"","Description":"","Attributes":1,"ValueType":"System.String"},"Value":"meta.UnitTest.UnitTest1"},{"Key":{"Id":"TestCase.ManagedMethod","Label":"ManagedMethod","Category":"","Description":"","Attributes":1,"ValueType":"System.String"},"Value":"EditTest_ReturnNotFound"},{"Key":{"Id":"MSTestDiscoverer.TestClassName","Label":"ClassName","Category":"","Description":"","Attributes":1,"ValueType":"System.String"},"Value":"meta.UnitTest.UnitTest1"},{"Key":{"Id":"TestObject.Traits","Label":"Traits","Category":"","Description":"","Attributes":5,"ValueType":"System.Collections.Generic.KeyValuePair`2[[System.String],[System.String]][]"},"Value":[]}]},"Attachments":[],"Outcome":1,"ErrorMessage":null,"ErrorStackTrace":null,"DisplayName":null,"Messages":[],"ComputerName":null,"Duration":"00:00:00.0005035","StartTime":"2022-06-14T21:08:20.5101331-03:00","EndTime":"2022-06-14T21:08:20.5108829-03:00","Properties":[{"Key":{"Id":"ExecutionId","Label":"ExecutionId","Category":"","Description":"","Attributes":1,"ValueType":"System.Guid"},"Value":"00000000-0000-0000-0000-000000000000"},{"Key":{"Id":"ParentExecId","Label":"ParentExecId","Category":"","Description":"","Attributes":1,"ValueType":"System.Guid"},"Value":"00000000-0000-0000-0000-000000000000"},{"Key":{"Id":"InnerResultsCount","Label":"InnerResultsCount","Category":"","Description":"","Attributes":1,"ValueType":"System.Int32"},"Value":0}]},{"TestCase":{"Id":"ddaed34e-0071-2d44-101e-4dd19b79b9ff","FullyQualifiedName":"meta.UnitTest.UnitTest1.InsertTest_ReturnOk","DisplayName":"InsertTest_ReturnOk","ExecutorUri":"executor://MSTestAdapter/v2","Source":"C:\\Users\\hugo.braga\\source\\repos\\gitHugo\\meta.UnitTest\\bin\\Debug\\net5.0\\fine-code-coverage\\build-output\\meta.UnitTest.dll","CodeFilePath":null,"LineNumber":-1,"Properties":[{"Key":{"Id":"TestCase.ManagedType","Label":"ManagedType","Category":"","Description":"","Attributes":1,"ValueType":"System.String"},"Value":"meta.UnitTest.UnitTest1"},{"Key":{"Id":"TestCase.ManagedMethod","Label":"ManagedMethod","Category":"","Description":"","Attributes":1,"ValueType":"System.String"},"Value":"InsertTest_ReturnOk"},{"Key":{"Id":"MSTestDiscoverer.TestClassName","Label":"ClassName","Category":"","Description":"","Attributes":1,"ValueType":"System.String"},"Value":"meta.UnitTest.UnitTest1"},{"Key":{"Id":"TestObject.Traits","Label":"Traits","Category":"","Description":"","Attributes":5,"ValueType":"System.Collections.Generic.KeyValuePair`2[[System.String],[System.String]][]"},"Value":[]}]},"Attachments":[],"Outcome":1,"ErrorMessage":null,"ErrorStackTrace":null,"DisplayName":null,"Messages":[],"ComputerName":null,"Duration":"00:00:00.0022933","StartTime":"2022-06-14T21:08:20.5125302-03:00","EndTime":"2022-06-14T21:08:20.5150427-03:00","Properties":[{"Key":{"Id":"ExecutionId","Label":"ExecutionId","Category":"","Description":"","Attributes":1,"ValueType":"System.Guid"},"Value":"00000000-0000-0000-0000-000000000000"},{"Key":{"Id":"ParentExecId","Label":"ParentExecId","Category":"","Description":"","Attributes":1,"ValueType":"System.Guid"},"Value":"00000000-0000-0000-0000-000000000000"},{"Key":{"Id":"InnerResultsCount","Label":"InnerResultsCount","Category":"","Description":"","Attributes":1,"ValueType":"System.Int32"},"Value":0}]}],"TestRunStatistics":{"ExecutedTests":7,"Stats":{"Passed":7}},"ActiveTests":[]},"RunAttachments":[],"ExecutorUris":["executor://mstestadapter/v2"]}}
TpTrace Verbose: 0 : 3528, 13, 2022/06/14, 21:08:20.578, 193920184221, vstest.console.dll, TestRequestSender.EndSession: Sending end session.
TpTrace Verbose: 0 : 3528, 13, 2022/06/14, 21:08:20.578, 193920185925, vstest.console.dll, ProxyOperationManager.Close: waiting for test host to exit for 100 ms
TpTrace Warning: 0 : 3528, 12, 2022/06/14, 21:08:20.631, 193920717471, vstest.console.dll, TestHostManagerCallbacks.ErrorReceivedCallback Test host standard error line: 
TpTrace Verbose: 0 : 3528, 7, 2022/06/14, 21:08:20.641, 193920818010, vstest.console.dll, TestHostProvider.ExitCallBack: Host exited starting callback.
TpTrace Information: 0 : 3528, 7, 2022/06/14, 21:08:20.642, 193920825897, vstest.console.dll, TestHostManagerCallbacks.ExitCallBack: Testhost processId: 16300 exited with exitcode: 0 error: ''
TpTrace Verbose: 0 : 3528, 7, 2022/06/14, 21:08:20.642, 193920826870, vstest.console.dll, DotnetTestHostManager.OnHostExited: invoking OnHostExited callback
TpTrace Verbose: 0 : 3528, 7, 2022/06/14, 21:08:20.642, 193920827529, vstest.console.dll, CrossPlatEngine.TestHostManagerHostExited: calling on client process exit callback.
TpTrace Information: 0 : 3528, 7, 2022/06/14, 21:08:20.642, 193920828261, vstest.console.dll, TestRequestSender.OnClientProcessExit: Test host process exited. Standard error: 
TpTrace Warning: 0 : 3528, 13, 2022/06/14, 21:08:20.642, 193920828345, vstest.console.dll, ProxyOperationManager: Timed out waiting for test host to exit. Will terminate process.
TpTrace Information: 0 : 3528, 7, 2022/06/14, 21:08:20.643, 193920828960, vstest.console.dll, SocketServer.Stop: Stop server endPoint: 127.0.0.1:54802
TpTrace Information: 0 : 3528, 7, 2022/06/14, 21:08:20.643, 193920832183, vstest.console.dll, SocketServer.Stop: Cancellation requested. Stopping message loop.
TpTrace Verbose: 0 : 3528, 13, 2022/06/14, 21:08:20.644, 193920842918, vstest.console.dll, ProxyDataCollectionManager.InvokeDataCollectionServiceAction: Starting.
TpTrace Information: 0 : 3528, 13, 2022/06/14, 21:08:20.644, 193920843546, vstest.console.dll, ProxyDataCollectionManager.AfterTestRunEnd: Get attachment set for datacollector processId: 17820 port: 54798
TpTrace Verbose: 0 : 3528, 13, 2022/06/14, 21:08:20.644, 193920844011, vstest.console.dll, DataCollectionRequestSender.SendAfterTestRunStartAndGetResult : Send AfterTestRunEnd message with isCancelled: False
TpTrace Verbose: 0 : 3528, 13, 2022/06/14, 21:08:20.649, 193920894435, vstest.console.dll, DataCollectionRequestSender.SendAfterTestRunStartAndGetResult : Received message: (DataCollection.AfterTestRunEndResult) -> {
  "AttachmentSets": [],
  "Metrics": {}
}
TpTrace Information: 0 : 3528, 13, 2022/06/14, 21:08:20.658, 193920982465, vstest.console.dll, ProxyDataCollectionManager.InvokeDataCollectionServiceAction: Completed.
TpTrace Warning: 0 : 3528, 9, 2022/06/14, 21:08:20.659, 193920988439, vstest.console.dll, DataCollectionLauncher.ErrorReceivedCallback datacollector standard error line: 
TpTrace Information: 0 : 3528, 7, 2022/06/14, 21:08:20.666, 193921060391, vstest.console.dll, DataCollectionLauncher.ExitCallBack: Data collector exited with exitcode: 0 error: ''
TpTrace Verbose: 0 : 3528, 13, 2022/06/14, 21:08:20.800, 193922404677, vstest.console.dll, TestRunRequest:SendTestRunStatsChange: Starting.
TpTrace Information: 0 : 3528, 13, 2022/06/14, 21:08:20.800, 193922407818, vstest.console.dll, TestRunRequest:SendTestRunStatsChange: Completed.
TpTrace Verbose: 0 : 3528, 13, 2022/06/14, 21:08:20.801, 193922409812, vstest.console.dll, ParallelProxyExecutionManager: HandlePartialRunComplete: Total completed clients = 1, Run complete = True, Run canceled: False.
TpTrace Verbose: 0 : 3528, 13, 2022/06/14, 21:08:20.834, 193922745929, vstest.console.dll, TestRunRequest:TestRunComplete: Starting. IsAborted:False IsCanceled:False.
TpTrace Verbose: 0 : 3528, 13, 2022/06/14, 21:08:20.834, 193922747896, vstest.console.dll, TestLoggerManager.HandleTestRunComplete: Ignoring as the object is disposed.
TpTrace Information: 0 : 3528, 13, 2022/06/14, 21:08:20.835, 193922750764, vstest.console.dll, TestRunRequest:TestRunComplete: Completed.
TpTrace Verbose: 0 : 3528, 1, 2022/06/14, 21:08:20.835, 193922751839, vstest.console.dll, TestRunRequest.Dispose: Starting.
TpTrace Verbose: 0 : 3528, 13, 2022/06/14, 21:08:20.835, 193922752231, vstest.console.dll, TestRequestSender.SetOperationComplete: Setting operation complete.
TpTrace Information: 0 : 3528, 1, 2022/06/14, 21:08:20.835, 193922753288, vstest.console.dll, TestRunRequest.Dispose: Completed.
TpTrace Information: 0 : 3528, 13, 2022/06/14, 21:08:20.835, 193922753989, vstest.console.dll, SocketServer.Stop: Stop server endPoint: 127.0.0.1:54802
TpTrace Information: 0 : 3528, 1, 2022/06/14, 21:08:20.835, 193922755024, vstest.console.dll, TestRequestManager.RunTests: run tests completed.
TpTrace Information: 0 : 3528, 13, 2022/06/14, 21:08:20.835, 193922755732, vstest.console.dll, SocketServer.Stop: Cancellation requested. Stopping message loop.
TpTrace Information: 0 : 3528, 1, 2022/06/14, 21:08:20.835, 193922756473, vstest.console.dll, RunTestsArgumentProcessor:Execute: Test run is completed.
TpTrace Information: 0 : 3528, 13, 2022/06/14, 21:08:20.835, 193922756690, vstest.console.dll, SocketServer.PrivateStop: Stop server endPoint: 127.0.0.1:54802 error: 
TpTrace Verbose: 0 : 3528, 1, 2022/06/14, 21:08:20.836, 193922760035, vstest.console.dll, Executor.Execute: Exiting with exit code of 0
